<?xml version="1.0" encoding="UTF-8"?>
<testng-results ignored="0" total="1" passed="1" failed="0" skipped="0">
  <reporter-output>
    <line>
      <![CDATA[createCustomer]]>
    </line>
  </reporter-output>
  <suite started-at="2024-09-01T10:25:44 IST" name="Suite" finished-at="2024-09-01T10:25:44 IST" duration-ms="89">
    <groups>
    </groups>
    <test started-at="2024-09-01T10:25:44 IST" name="Test" finished-at="2024-09-01T10:25:44 IST" duration-ms="89">
      <class name="com.actitime.testscript.CustomerModule">
        <test-method signature="createCustomer()[pri:0, instance:com.actitime.testscript.CustomerModule@550dbc7a]" started-at="2024-09-01T10:25:44 IST" name="createCustomer" finished-at="2024-09-01T10:25:44 IST" duration-ms="19" status="PASS">
          <reporter-output>
            <line>
              <![CDATA[createCustomer]]>
            </line>
          </reporter-output>
        </test-method> <!-- createCustomer -->
      </class> <!-- com.actitime.testscript.CustomerModule -->
    </test> <!-- Test -->
  </suite> <!-- Suite -->
</testng-results>
